WARNING:datasets.load:Using the latest cached version of the dataset since LeMaterial/LeMat-Bulk couldn't be found on the Hugging Face Hub
WARNING:datasets.packaged_modules.cache.cache:Found the latest cached dataset configuration 'compatible_pbe' at /home/steffen/.cache/huggingface/datasets/LeMaterial___le_mat-bulk/compatible_pbe/0.0.0/0dc17eea904b860ad7288141e9870f67f8e6bb2c (last modified on Sat May 10 16:09:40 2025).
INFO:heos_relax.data_handling.lemat:Loaded 6463 from LeMaterials
INFO:heos_relax.data_handling.lemat:<bound method DataFrame.to_dict of shape: (1, 3)
┌──────────┬────────────┬───────────┐
│ mp_count ┆ oqmd_count ┆ agm_count │
│ ---      ┆ ---        ┆ ---       │
│ u32      ┆ u32        ┆ u32       │
╞══════════╪════════════╪═══════════╡
│ 3514     ┆ 72         ┆ 2877      │
└──────────┴────────────┴───────────┘>
WARNING:datasets.load:Using the latest cached version of the dataset since LeMaterial/LeMat-Bulk couldn't be found on the Hugging Face Hub
WARNING:datasets.packaged_modules.cache.cache:Found the latest cached dataset configuration 'compatible_pbe' at /home/steffen/.cache/huggingface/datasets/LeMaterial___le_mat-bulk/compatible_pbe/0.0.0/0dc17eea904b860ad7288141e9870f67f8e6bb2c (last modified on Sat May 10 16:09:40 2025).
INFO:heos_relax.data_handling.lemat:Loaded 6463 from LeMaterials
INFO:heos_relax.data_handling.lemat:<bound method DataFrame.to_dict of shape: (1, 3)
┌──────────┬────────────┬───────────┐
│ mp_count ┆ oqmd_count ┆ agm_count │
│ ---      ┆ ---        ┆ ---       │
│ u32      ┆ u32        ┆ u32       │
╞══════════╪════════════╪═══════════╡
│ 3514     ┆ 72         ┆ 2877      │
└──────────┴────────────┴───────────┘>
WARNING:datasets.load:Using the latest cached version of the dataset since LeMaterial/LeMat-Bulk couldn't be found on the Hugging Face Hub
WARNING:datasets.packaged_modules.cache.cache:Found the latest cached dataset configuration 'compatible_pbe' at /home/steffen/.cache/huggingface/datasets/LeMaterial___le_mat-bulk/compatible_pbe/0.0.0/0dc17eea904b860ad7288141e9870f67f8e6bb2c (last modified on Sat May 10 16:09:40 2025).
INFO:heos_relax.data_handling.lemat:Loaded 6463 from LeMaterials
INFO:heos_relax.data_handling.lemat:<bound method DataFrame.to_dict of shape: (1, 3)
┌──────────┬────────────┬───────────┐
│ mp_count ┆ oqmd_count ┆ agm_count │
│ ---      ┆ ---        ┆ ---       │
│ u32      ┆ u32        ┆ u32       │
╞══════════╪════════════╪═══════════╡
│ 3514     ┆ 72         ┆ 2877      │
└──────────┴────────────┴───────────┘>
